<?xml version="1.0" encoding="UTF-8"?>
<!-- Generated by org.testng.reporters.JUnitReportReporter -->
<testsuite hostname="DESKTOP-Q27D9Q4" failures="0" tests="1" name="org.example.untitled.MainPageTest" time="9.522" errors="0" timestamp="2020-05-11T21:07:00 CEST" skipped="0">
  <testcase classname="org.example.untitled.MainPageTest" name="openPage" time="9.522"/>
  <system-out/>
</testsuite> <!-- org.example.untitled.MainPageTest -->
